2023-02-04 20:17:03,369 - services.logger - ERROR - KeyError: 'password'
2023-02-04 20:19:01,627 - services.logger - ERROR - KeyError: 'rating'
2023-02-06 20:53:39,580 - services.logger - ERROR - KeyError: 'title'
2023-02-06 20:53:50,368 - services.logger - ERROR - KeyError: 'title'
2023-02-06 21:35:01,609 - services.logger - ERROR - KeyError: 'usertype'
2023-02-06 21:52:46,251 - services.logger - ERROR - KeyError: 'categoryid'
2023-02-06 22:31:38,773 - services.logger - ERROR - KeyError: 'category_id'
2023-02-06 22:43:07,398 - services.logger - ERROR - IntegrityError: (1452, 'Cannot add or update a child row: a foreign key constraint fails (`audio_tracker`.`audio`, CONSTRAINT `audio_ibfk_1` FOREIGN KEY (`category_id`) REFERENCES `category` (`id`))')
2023-02-06 22:45:05,878 - services.logger - ERROR - IntegrityError: (1452, 'Cannot add or update a child row: a foreign key constraint fails (`audio_tracker`.`audio`, CONSTRAINT `audio_ibfk_1` FOREIGN KEY (`category_id`) REFERENCES `category` (`id`))')
2023-02-06 22:45:50,853 - services.logger - ERROR - IntegrityError: (1452, 'Cannot add or update a child row: a foreign key constraint fails (`audio_tracker`.`audio`, CONSTRAINT `audio_ibfk_1` FOREIGN KEY (`category_id`) REFERENCES `category` (`id`))')
2023-02-06 22:47:15,063 - services.logger - ERROR - IntegrityError: (1452, 'Cannot add or update a child row: a foreign key constraint fails (`audio_tracker`.`audio`, CONSTRAINT `audio_ibfk_1` FOREIGN KEY (`category_id`) REFERENCES `category` (`id`))')
2023-02-06 22:48:01,340 - services.logger - ERROR - KeyError: 'category_id'
2023-02-06 22:48:52,992 - services.logger - ERROR - KeyError: 'category_id'
2023-02-06 22:49:10,322 - services.logger - ERROR - IntegrityError: (1452, 'Cannot add or update a child row: a foreign key constraint fails (`audio_tracker`.`audio`, CONSTRAINT `audio_ibfk_1` FOREIGN KEY (`category_id`) REFERENCES `category` (`id`))')
2023-02-06 22:53:26,831 - services.logger - ERROR - IntegrityError: (1452, 'Cannot add or update a child row: a foreign key constraint fails (`audio_tracker`.`audio`, CONSTRAINT `audio_ibfk_1` FOREIGN KEY (`category_id`) REFERENCES `category` (`id`))')
2023-02-06 22:53:41,222 - services.logger - ERROR - IntegrityError: (1452, 'Cannot add or update a child row: a foreign key constraint fails (`audio_tracker`.`audio`, CONSTRAINT `audio_ibfk_1` FOREIGN KEY (`category_id`) REFERENCES `category` (`id`))')
2023-02-06 22:56:17,186 - services.logger - ERROR - KeyError: 'category_id'
2023-02-06 22:58:20,067 - services.logger - ERROR - IntegrityError: (1452, 'Cannot add or update a child row: a foreign key constraint fails (`audio_tracker`.`audio`, CONSTRAINT `audio_ibfk_1` FOREIGN KEY (`category_id`) REFERENCES `category` (`id`))')
2023-02-06 22:58:59,638 - services.logger - ERROR - IntegrityError: (1452, 'Cannot add or update a child row: a foreign key constraint fails (`audio_tracker`.`audio`, CONSTRAINT `audio_ibfk_1` FOREIGN KEY (`category_id`) REFERENCES `category` (`id`))')
2023-02-06 22:59:50,715 - services.logger - ERROR - IntegrityError: (1452, 'Cannot add or update a child row: a foreign key constraint fails (`audio_tracker`.`audio`, CONSTRAINT `audio_ibfk_1` FOREIGN KEY (`category_id`) REFERENCES `category` (`id`))')
2023-02-06 23:00:37,051 - services.logger - ERROR - IntegrityError: (1452, 'Cannot add or update a child row: a foreign key constraint fails (`audio_tracker`.`audio`, CONSTRAINT `audio_ibfk_1` FOREIGN KEY (`category_id`) REFERENCES `category` (`id`))')
2023-02-06 23:06:34,065 - services.logger - ERROR - KeyError: 'category_id'
2023-02-06 23:06:53,197 - services.logger - ERROR - KeyError: 'category_id'
2023-02-06 23:07:51,043 - services.logger - ERROR - KeyError: 'category_id'
2023-02-06 23:12:05,755 - services.logger - ERROR - KeyError: 'category_id'
2023-02-08 12:34:24,993 - services.logger - ERROR - KeyError: 'category_id'
2023-02-10 16:45:09,988 - services.logger - ERROR - KeyError: 'password'
2023-02-10 16:45:46,602 - services.logger - ERROR - KeyError: 'password'
2023-02-10 19:00:03,048 - services.logger - ERROR - KeyError: 'password'
2023-02-10 19:00:43,146 - services.logger - ERROR - KeyError: 'password'
2023-02-10 19:15:19,108 - services.logger - ERROR - KeyError: 'password'
2023-02-12 21:22:58,400 - services.logger - ERROR - IntegrityError: (1452, 'Cannot add or update a child row: a foreign key constraint fails (`audio_tracker`.`audio`, CONSTRAINT `audio_ibfk_1` FOREIGN KEY (`category_id`) REFERENCES `category` (`id`))')
2023-02-12 21:23:10,363 - services.logger - ERROR - IntegrityError: (1452, 'Cannot add or update a child row: a foreign key constraint fails (`audio_tracker`.`audio`, CONSTRAINT `audio_ibfk_1` FOREIGN KEY (`category_id`) REFERENCES `category` (`id`))')
2023-02-12 21:24:04,487 - services.logger - ERROR - IntegrityError: (1452, 'Cannot add or update a child row: a foreign key constraint fails (`audio_tracker`.`audio`, CONSTRAINT `audio_ibfk_1` FOREIGN KEY (`category_id`) REFERENCES `category` (`id`))')
2023-02-12 21:26:48,857 - services.logger - ERROR - KeyError: 'category_id'
2023-02-12 21:26:49,442 - services.logger - ERROR - KeyError: 'category_id'
2023-02-12 21:26:55,511 - services.logger - ERROR - KeyError: 'category_id'
2023-02-12 21:27:52,128 - services.logger - ERROR - KeyError: 'category_id'
2023-02-12 21:28:42,064 - services.logger - ERROR - KeyError: 'category_id'
2023-02-12 21:29:11,403 - services.logger - ERROR - KeyError: 'category_id'
2023-02-12 21:29:25,645 - services.logger - ERROR - KeyError: 'category_id'
2023-02-12 21:31:11,730 - services.logger - ERROR - IntegrityError: (1452, 'Cannot add or update a child row: a foreign key constraint fails (`audio_tracker`.`audio`, CONSTRAINT `audio_ibfk_1` FOREIGN KEY (`category_id`) REFERENCES `category` (`id`))')
2023-02-12 21:31:42,402 - services.logger - ERROR - KeyError: 'category_id'
2023-02-12 21:32:28,903 - services.logger - ERROR - KeyError: 'category_id'
2023-02-12 21:36:46,046 - services.logger - ERROR - IntegrityError: (1452, 'Cannot add or update a child row: a foreign key constraint fails (`audio_tracker`.`audio`, CONSTRAINT `audio_ibfk_1` FOREIGN KEY (`category_id`) REFERENCES `category` (`id`))')
2023-02-13 14:31:01,358 - services.logger - ERROR - KeyError: 'album'
2023-02-13 14:33:22,982 - services.logger - ERROR - KeyError: 'album'
2023-02-13 14:54:08,466 - services.logger - ERROR - ValueError: category is required
2023-02-13 15:00:00,385 - services.logger - ERROR - ValueError: invalid literal for int() with base 10: ''
2023-02-13 15:00:27,290 - services.logger - ERROR - ValueError: userid is required
2023-02-13 15:00:33,195 - services.logger - ERROR - ValueError: invalid literal for int() with base 10: ''
2023-02-13 15:01:17,681 - services.logger - ERROR - ValueError: userid is required
2023-02-13 15:01:37,037 - services.logger - ERROR - ValueError: rating is required
2023-02-13 15:02:49,456 - services.logger - ERROR - ValueError: rating is required
2023-02-13 15:20:17,028 - services.logger - ERROR - ValueError: username is required
2023-02-13 15:20:26,750 - services.logger - ERROR - ValueError: password is required
2023-02-13 15:21:10,647 - services.logger - ERROR - ValueError: fullname is required
2023-02-13 15:21:17,762 - services.logger - ERROR - ValueError: username is required
2023-02-13 15:21:38,432 - services.logger - ERROR - ValueError: password is required
2023-02-13 15:25:57,430 - services.logger - ERROR - ValueError: Password must contain at least one uppercase letter
2023-02-13 15:27:27,660 - services.logger - ERROR - ValueError: Password must be at least 8 characters long
2023-02-13 15:27:45,533 - services.logger - ERROR - ValueError: Password must be at least 8 characters long
2023-02-13 15:27:49,185 - services.logger - ERROR - ValueError: Password must contain at least one lowercase letter
2023-02-13 15:27:59,198 - services.logger - ERROR - ValueError: Password must contain at least one uppercase letter
2023-02-13 15:28:12,272 - services.logger - ERROR - ValueError: Password must be at least 8 characters long
2023-02-13 15:28:16,651 - services.logger - ERROR - ValueError: Password must contain at least one uppercase letter
2023-02-13 15:28:31,321 - services.logger - ERROR - ValueError: Password must contain at least one digit
2023-02-13 16:14:09,181 - services.logger - ERROR - ValueError: rating value must be less than or equal to 5
2023-02-13 16:14:15,041 - services.logger - ERROR - ValueError: rating is required
2023-02-14 00:29:08,278 - services.logger - ERROR - IntegrityError: (1452, 'Cannot add or update a child row: a foreign key constraint fails (`audio_tracker`.`audio`, CONSTRAINT `audio_ibfk_1` FOREIGN KEY (`category_id`) REFERENCES `category` (`id`))')
2023-02-14 14:32:59,571 - services.logger - ERROR - ValueError: User Does not exist
2023-02-14 14:36:26,631 - services.logger - ERROR - ValueError: User Does not exist
2023-02-14 14:37:56,036 - services.logger - ERROR - ValueError: User Does not exist
2023-02-14 14:41:52,169 - services.logger - ERROR - ValueError: User Does not exist
2023-02-14 14:42:56,520 - services.logger - ERROR - ValueError: User Does not exist
2023-02-14 14:43:12,952 - services.logger - ERROR - ValueError: Password is incorrect, Try with the correct one..!!
2023-02-14 14:43:31,584 - services.logger - ERROR - ValueError: Password is incorrect, Try with the correct one..!!
2023-02-14 14:44:44,759 - services.logger - ERROR - ValueError: Password must contain at least one digit
2023-02-14 14:46:12,621 - services.logger - ERROR - ValueError: User Does not exist
2023-02-14 14:46:48,918 - services.logger - ERROR - ValueError: User Does not exist
2023-02-14 14:49:23,492 - services.logger - ERROR - ValueError: User Does not exist
2023-02-14 14:52:20,035 - services.logger - ERROR - ValueError: Password must contain at least one digit
2023-02-14 14:52:32,530 - services.logger - ERROR - Error: (2006, "MySQL server has gone away (ConnectionAbortedError(10053, 'An established connection was aborted by the software in your host machine', None, 10053, None))")
2023-02-14 14:53:36,151 - services.logger - ERROR - ValueError: Usre already exist !!
2023-02-14 14:54:29,890 - services.logger - ERROR - ValueError: User Does not exist
2023-02-14 14:56:01,489 - services.logger - ERROR - ValueError: User Does not exist
2023-02-14 14:56:17,907 - services.logger - ERROR - ValueError: User Does not exist
2023-02-14 14:56:51,821 - services.logger - ERROR - ValueError: User Does not exist
2023-02-14 14:56:53,290 - services.logger - ERROR - ValueError: User Does not exist
2023-02-14 14:56:54,290 - services.logger - ERROR - ValueError: User Does not exist
2023-02-14 14:56:54,892 - services.logger - ERROR - ValueError: User Does not exist
2023-02-14 14:56:55,391 - services.logger - ERROR - ValueError: User Does not exist
2023-02-14 14:57:02,032 - services.logger - ERROR - ValueError: User Does not exist
2023-02-14 14:57:06,243 - services.logger - ERROR - ValueError: User Does not exist
2023-02-14 14:57:22,591 - services.logger - ERROR - ValueError: User Does not exist
2023-02-14 14:58:58,691 - services.logger - ERROR - ValueError: User Does not exist
2023-02-14 15:00:10,008 - services.logger - ERROR - ValueError: User Does not exist.!! Register First..
2023-02-14 15:00:53,494 - services.logger - ERROR - ValueError: Password must contain at least one uppercase letter
2023-02-14 15:01:32,475 - services.logger - ERROR - ValueError: Password must be at least 8 characters long
2023-02-14 15:03:31,859 - services.logger - ERROR - ValueError: Password must be at least 8 characters long
2023-02-14 15:03:46,326 - services.logger - ERROR - ValueError: Usre already exist !!
2023-02-14 15:04:42,864 - services.logger - ERROR - ValueError: User already exist !! Try with another username
2023-02-14 16:02:58,485 - services.logger - ERROR - ValueError: User Does not exist.!! Register First..
2023-02-14 20:42:08,768 - services.logger - ERROR - IntegrityError: (1452, 'Cannot add or update a child row: a foreign key constraint fails (`audio_tracker`.`audio`, CONSTRAINT `audio_ibfk_1` FOREIGN KEY (`category_id`) REFERENCES `category` (`id`))')
2023-02-14 20:58:18,618 - services.logger - ERROR - ValueError: Password is incorrect, Try with the correct one..!!
2023-02-14 21:49:33,828 - services.logger - ERROR - IntegrityError: (1452, 'Cannot add or update a child row: a foreign key constraint fails (`audio_tracker`.`audio`, CONSTRAINT `audio_ibfk_1` FOREIGN KEY (`category_id`) REFERENCES `category` (`id`))')
2023-02-14 23:57:53,348 - services.logger - ERROR - ValueError: Password is incorrect, Try with the correct one..!!
2023-02-15 00:08:06,083 - services.logger - ERROR - ValueError: Password is incorrect, Try with the correct one..!!
2023-02-15 00:08:26,852 - services.logger - ERROR - ValueError: Password must contain at least one uppercase letter
2023-02-15 00:08:32,285 - services.logger - ERROR - ValueError: Password must contain at least one digit
2023-02-15 00:08:38,320 - services.logger - ERROR - ValueError: Password must contain at least one special character (!@#$%^&*()_+=-)
2023-02-15 00:08:45,552 - services.logger - ERROR - ValueError: User already exist !! Try with another username
2023-02-15 00:08:53,120 - services.logger - ERROR - ValueError: User already exist !! Try with another username
2023-02-15 00:09:30,186 - services.logger - ERROR - ValueError: Password is incorrect, Try with the correct one..!!
2023-02-15 00:12:01,987 - services.logger - ERROR - ValueError: User Does not exist.!! Register First..
2023-02-15 00:13:34,488 - services.logger - ERROR - ValueError: Password is incorrect, Try with the correct one..!!
2023-02-15 00:19:25,323 - services.logger - ERROR - ValueError: Password is incorrect, Try with the correct one..!!
2023-02-15 00:19:37,157 - services.logger - ERROR - ValueError: Password is incorrect, Try with the correct one..!!
2023-02-15 00:20:07,807 - services.logger - ERROR - ValueError: User Does not exist.!! Register First..
2023-02-15 00:20:13,893 - services.logger - ERROR - ValueError: User Does not exist.!! Register First..
2023-02-15 00:21:50,324 - services.logger - ERROR - ValueError: User already exist !! Try with another username
2023-02-15 00:22:31,191 - services.logger - ERROR - ValueError: Password is incorrect, Try with the correct one..!!
2023-02-15 00:22:36,341 - services.logger - ERROR - ValueError: User Does not exist.!! Register First..
2023-02-15 11:25:12,044 - services.logger - ERROR - ValueError: Password is incorrect, Try with the correct one..!!
2023-02-15 11:25:20,112 - services.logger - ERROR - ValueError: Password is incorrect, Try with the correct one..!!
2023-02-15 11:26:30,385 - services.logger - ERROR - ValueError: Password is incorrect, Try with the correct one..!!
2023-02-15 11:27:38,957 - services.logger - ERROR - ValueError: Password is incorrect, Try with the correct one..!!
2023-02-15 11:27:46,318 - services.logger - ERROR - ValueError: Password is incorrect, Try with the correct one..!!
2023-02-15 11:27:48,251 - services.logger - ERROR - ValueError: Password is incorrect, Try with the correct one..!!
2023-02-15 11:27:50,901 - services.logger - ERROR - ValueError: Password is incorrect, Try with the correct one..!!
2023-02-15 11:28:03,621 - services.logger - ERROR - ValueError: Password is incorrect, Try with the correct one..!!
2023-02-15 11:28:11,402 - services.logger - ERROR - ValueError: Password is incorrect, Try with the correct one..!!
2023-02-15 11:32:24,204 - services.logger - ERROR - ValueError: password is required
2023-02-15 11:34:24,552 - services.logger - ERROR - ValueError: Password is incorrect, Try with the correct one..!!
2023-02-15 11:34:27,253 - services.logger - ERROR - ValueError: Password is incorrect, Try with the correct one..!!
2023-02-15 11:41:23,738 - services.logger - ERROR - ValueError: password is required
2023-02-15 11:41:25,678 - services.logger - ERROR - ValueError: password is required
2023-02-15 11:43:01,340 - services.logger - ERROR - ValueError: User Does not exist.!! Register First..
2023-02-15 12:17:31,644 - services.logger - ERROR - ValueError: Password is incorrect, Try with the correct one..!!
2023-02-15 12:17:32,711 - services.logger - ERROR - ValueError: Password is incorrect, Try with the correct one..!!
2023-02-15 12:17:33,760 - services.logger - ERROR - ValueError: Password is incorrect, Try with the correct one..!!
2023-02-15 12:17:34,244 - services.logger - ERROR - ValueError: Password is incorrect, Try with the correct one..!!
2023-02-15 12:19:23,332 - services.logger - ERROR - ValueError: password is required
2023-02-15 12:53:34,367 - services.logger - ERROR - ValueError: Password must be at least 8 characters long
2023-02-15 14:01:07,778 - services.logger - ERROR - IntegrityError: (1452, 'Cannot add or update a child row: a foreign key constraint fails (`audio_tracker`.`rating`, CONSTRAINT `rating_ibfk_2` FOREIGN KEY (`trackid`) REFERENCES `audio` (`trackid`))')
2023-02-15 14:01:24,003 - services.logger - ERROR - ValueError: rating value must be less than or equal to 5
2023-02-15 16:44:34,593 - services.logger - ERROR - ValueError: you already added your rating for this track
2023-02-15 16:47:29,465 - services.logger - ERROR - ValueError: User already exist !! Try with another username
2023-02-15 16:47:50,134 - services.logger - ERROR - ValueError: User already exist !! Try with another username
2023-02-15 16:48:43,038 - services.logger - ERROR - ValueError: Password must contain at least one digit
2023-02-15 16:48:52,773 - services.logger - ERROR - ValueError: Password must contain at least one digit
2023-02-15 16:48:59,741 - services.logger - ERROR - ValueError: Password must contain at least one digit
2023-02-15 16:50:39,440 - services.logger - ERROR - ValueError: User already exist !! Try with another username
2023-02-15 16:51:46,724 - services.logger - ERROR - ValueError: User already exist !! Try with another username
2023-02-15 16:52:38,549 - services.logger - ERROR - ValueError: User already exist !! Try with another username
2023-02-15 16:53:16,610 - services.logger - ERROR - ValueError: Password must contain at least one lowercase letter
2023-02-15 16:54:09,375 - services.logger - ERROR - ValueError: Password must contain at least one lowercase letter
2023-02-15 16:54:37,797 - services.logger - ERROR - ValueError: Password must contain at least one lowercase letter
2023-02-15 16:55:34,377 - services.logger - ERROR - ValueError: Password must contain at least one lowercase letter
2023-02-15 16:56:08,547 - services.logger - ERROR - ValueError: Password must contain at least one digit
2023-02-15 16:56:17,660 - services.logger - ERROR - ValueError: User already exist !! Try with another username
2023-02-15 16:57:06,000 - services.logger - ERROR - ValueError: User already exist !! Try with another username
2023-02-15 16:57:36,360 - services.logger - ERROR - ValueError: User already exist !! Try with another username
2023-02-15 16:58:02,509 - services.logger - ERROR - ValueError: User already exist !! Try with another username
2023-02-15 16:58:09,982 - services.logger - ERROR - ValueError: User already exist !! Try with another username
2023-02-15 17:04:45,202 - services.logger - ERROR - ValueError: Password must contain at least one uppercase letter
2023-02-15 17:04:52,805 - services.logger - ERROR - ValueError: Password must contain at least one special character (!@#$%^&*()_+=-)
2023-02-15 17:07:39,761 - services.logger - ERROR - ValueError: Password must contain at least one uppercase letter
2023-02-15 17:09:18,094 - services.logger - ERROR - ValueError: Password must contain at least one digit
2023-02-15 17:11:14,087 - services.logger - ERROR - ValueError: Password must contain at least one uppercase letter
2023-02-15 17:11:20,984 - services.logger - ERROR - ValueError: Password must contain at least one digit
2023-02-15 17:11:24,866 - services.logger - ERROR - ValueError: Password must contain at least one special character (!@#$%^&*()_+=-)
2023-02-15 17:11:28,204 - services.logger - ERROR - ValueError: Password must contain at least one special character (!@#$%^&*()_+=-)
